<?xml version="1.0" encoding="UTF-8"?>
<!-- Generated by org.testng.reporters.JUnitXMLReporter -->
<testsuite ignored="0" hostname="LAPTOP-7BUEFBVS" failures="0" tests="3" name="Test-1" time="230.443" errors="0" timestamp="2026-02-16T12:17:24 IST">
  <testcase classname="com.comcast.crm.orgtestConfig.CreateOrganisationTest" name="createOrgTest" time="6.193"/>
  <testcase classname="com.comcast.crm.orgtestConfig.CreateOrganisationTest" name="createOrgWithIndustries" time="75.431"/>
  <testcase classname="com.comcast.crm.orgtestConfig.CreateOrganisationTest" name="createOrgWithPhoneNo" time="73.678"/>
</testsuite> <!-- Test-1 -->
