<?xml version="1.0" encoding="UTF-8"?>
<!-- Generated by org.testng.reporters.JUnitXMLReporter -->
<testsuite ignored="0" hostname="LAPTOP-7BUEFBVS" failures="0" tests="3" name="Test-2" time="231.881" errors="0" timestamp="2026-02-16T12:17:25 IST">
  <testcase classname="com.comcasr.crm.contacttestconfig.CreateContactTest" name="createContactOrgTest" time="11.99"/>
  <testcase classname="com.comcasr.crm.contacttestconfig.CreateContactTest" name="createContactTest" time="71.636"/>
  <testcase classname="com.comcasr.crm.contacttestconfig.CreateContactTest" name="createContactWithSupportDate" time="72.127"/>
</testsuite> <!-- Test-2 -->
