<?xml version="1.0" encoding="UTF-8"?>
<!-- Generated by org.testng.reporters.JUnitXMLReporter -->
<testsuite ignored="6" hostname="LAPTOP-7BUEFBVS" failures="0" tests="2" name="Test" time="163.758" errors="0" timestamp="2026-02-16T11:32:46 IST">
  <testcase classname="com.comcasr.crm.contacttestconfig.CreateContactTest" name="createContactOrgTest" time="14.514"/>
  <testcase classname="com.comcast.crm.orgtestConfig.CreateOrganisationTest" name="createOrgTest" time="73.351"/>
  <testcase classname="com.comcast.crm.basetest.BaseClass" name="@AfterSuite configAfterSuite" time="0.0">
    <ignored/>
  </testcase> <!-- @AfterSuite configAfterSuite -->
  <testcase classname="com.comcasr.crm.contacttestconfig.CreateContactTest" name="createContactWithSupportDate" time="0.0">
    <ignored/>
  </testcase> <!-- createContactWithSupportDate -->
  <testcase classname="com.comcast.crm.basetest.BaseClass" name="@BeforeSuite configBeforeSuite" time="0.0">
    <ignored/>
  </testcase> <!-- @BeforeSuite configBeforeSuite -->
  <testcase classname="com.comcasr.crm.contacttestconfig.CreateContactTest" name="createContactTest" time="0.0">
    <ignored/>
  </testcase> <!-- createContactTest -->
  <testcase classname="com.comcast.crm.orgtestConfig.CreateOrganisationTest" name="createOrgWithPhoneNo" time="0.0">
    <ignored/>
  </testcase> <!-- createOrgWithPhoneNo -->
  <testcase classname="com.comcast.crm.orgtestConfig.CreateOrganisationTest" name="createOrgWithIndustries" time="0.0">
    <ignored/>
  </testcase> <!-- createOrgWithIndustries -->
</testsuite> <!-- Test -->
