<?xml version="1.0" encoding="UTF-8"?>
<!-- Generated by org.testng.reporters.JUnitReportReporter -->
<testsuite hostname="LAPTOP-7BUEFBVS" failures="0" tests="2" name="practice.Asserts.HomePageVerificationTest" time="136.439" errors="0" timestamp="2026-02-16T14:58:08 IST" skipped="0">
  <testcase classname="practice.Asserts.HomePageVerificationTest" name="homepageTest" time="68.340"/>
  <testcase classname="practice.Asserts.HomePageVerificationTest" name="verifyHomepageLogoTest" time="68.099"/>
</testsuite> <!-- practice.Asserts.HomePageVerificationTest -->
