<?xml version="1.0" encoding="UTF-8"?>
<!-- Generated by org.testng.reporters.JUnitReportReporter -->
<testsuite hostname="LAPTOP-7BUEFBVS" failures="0" tests="3" name="com.comcasr.crm.contacttestconfig.CreateContactTest" time="229.489" errors="0" timestamp="2026-02-17T17:05:49 IST" skipped="0">
  <testcase classname="com.comcasr.crm.contacttestconfig.CreateContactTest" name="createContactOrgTest" time="16.123"/>
  <testcase classname="com.comcasr.crm.contacttestconfig.CreateContactTest" name="createContactTest" time="74.338"/>
  <testcase classname="com.comcasr.crm.contacttestconfig.CreateContactTest" name="createContactWithSupportDate" time="139.028"/>
</testsuite> <!-- com.comcasr.crm.contacttestconfig.CreateContactTest -->
