<?xml version="1.0" encoding="UTF-8"?>
<!-- Generated by org.testng.reporters.JUnitReportReporter -->
<testsuite hostname="LAPTOP-7BUEFBVS" failures="0" tests="1" name="practice.Asserts.Reporter" time="0.008" errors="0" timestamp="2026-02-16T16:15:24 IST" skipped="0">
  <testcase classname="practice.Asserts.Reporter" name="homepageTest" time="0.008">
    <system-out>
      <![CDATA[step-1
step2
step3
step4
step5]]>
    </system-out>
  </testcase> <!-- homepageTest -->
  <system-out>
    <![CDATA[step-1
step2
step3
step4
step5]]>
  </system-out>
</testsuite> <!-- practice.Asserts.Reporter -->
